sld
sld
sld
__construct
HORIDO
__construct
HORIDO
__construct
HORIDO
__construct
HORIDO
__construct
HORIDO
__construct
HORIDO
__construct
HORIDO
__construct
HORIDO
__construct
HORIDO
__construct
HORIDO
__construct
HORIDO
__construct
HORIDO
__construct
HORIDO
__construct
HORIDO
__construct
HORIDO
__construct
HORIDO
isOpenModule
isOpenModule
__construct
HORIDO
isOpenModule
isOpenModule
__construct
HORIDO
isOpenModule
isOpenModule
__construct
HORIDO
isOpenModule
isOpenModule
__construct
HORIDO
isOpenModule
isOpenModule
__construct
HORIDO
isOpenModule
isOpenModule
__FUNCTION__
__construct
HORIDO
isOpenModule
isOpenModule
__FUNCTION__
__construct
HORIDO
isOpenModule
isOpenModule
__FUNCTION__
__construct
HORIDO
isOpenModule
isOpenModule
__FUNCTION__
__construct
HORIDO
isOpenModule
isOpenModule
__FUNCTION__
__construct
HORIDO
isOpenModule
isOpenModule
__FUNCTION__
__construct
HORIDO
isOpenModule
isOpenModule
__FUNCTION__
__construct
HORIDO
isOpenModule
isOpenModule
__FUNCTION__
__construct
HORIDO
isOpenModule
isOpenModule
__FUNCTION__
__construct
HORIDO
isOpenModule
isOpenModule
__FUNCTION__
__FUNCTION__
__FUNCTION__
__FUNCTION__
__FUNCTION__
__FUNCTION__
__FUNCTION__
__FUNCTION__
__construct
__FUNCTION__
__construct
__FUNCTION__
__construct
__FUNCTION__
__construct
__FUNCTION__
__construct
__FUNCTION__
__construct
HORIDO
__FUNCTION__
__construct
HORIDO
isOpenModule
isOpenModule
__FUNCTION__
__construct
HORIDO
isOpenModule
isOpenModule
__FUNCTION__
__construct
HORIDO
isOpenModule
isOpenModule
__FUNCTION__
__construct
HORIDO
isOpenModule
isOpenModule
__FUNCTION__
__construct
HORIDO
isOpenModule
isOpenModule
__FUNCTION__
__construct
HORIDO
isOpenModule
isOpenModule
__FUNCTION__
__construct
HORIDO
isOpenModule
isOpenModule
__FUNCTION__
__construct
HORIDO
isOpenModule
isOpenModule
__FUNCTION__
__construct
HORIDO
isOpenModule
isOpenModule
__FUNCTION__
__construct
HORIDO
isOpenModule
isOpenModule
__FUNCTION__
__construct
HORIDO
isOpenModule
isOpenModule
__FUNCTION__
__construct
HORIDO
isOpenModule
isOpenModule
__FUNCTION__
__construct
HORIDO
isOpenModule
isOpenModule
__FUNCTION__
__construct
HORIDO
isOpenModule
isOpenModule
__FUNCTION__
__construct
HORIDO
isOpenModule
isOpenModule
__FUNCTION__
__construct
HORIDO
isOpenModule
isOpenModule
__FUNCTION__
__construct
HORIDO
isOpenModule
isOpenModule
__FUNCTION__
__construct
HORIDO
isOpenModule
isOpenModule
__FUNCTION__
__construct
HORIDO
isOpenModule
isOpenModule
__FUNCTION__
__construct
HORIDO
isOpenModule
isOpenModule
__FUNCTION__
__construct
HORIDO
isOpenModule
isOpenModule
__FUNCTION__
__construct
HORIDO
isOpenModule
isOpenModule
__FUNCTION__
__construct
HORIDO
isOpenModule
isOpenModule
__FUNCTION__
__construct
HORIDO
isOpenModule
isOpenModule
__FUNCTION__
__construct
HORIDO
isOpenModule
isOpenModule
__FUNCTION__
__construct
HORIDO
isOpenModule
isOpenModule
__FUNCTION__
__construct
HORIDO
isOpenModule
isOpenModule
__FUNCTION__
__construct
HORIDO
isOpenModule
isOpenModule
__FUNCTION__
__construct
HORIDO
isOpenModule
isOpenModule
__FUNCTION__
__construct
HORIDO
isOpenModule
isOpenModule
__FUNCTION__
__construct
HORIDO
isOpenModule
isOpenModule
__FUNCTION__
__construct
HORIDO
isOpenModule
isOpenModule
__FUNCTION__
__construct
HORIDO
isOpenModule
isOpenModule
__FUNCTION__
__construct
HORIDO
isOpenModule
isOpenModule
__FUNCTION__
__construct
HORIDO
isOpenModule
isOpenModule
__FUNCTION__
__construct
HORIDO
isOpenModule
isOpenModule
__FUNCTION__
__construct
HORIDO
__FUNCTION__
__construct
HORIDO
__FUNCTION__
__construct
HORIDO
__FUNCTION__
__construct
HORIDO
__FUNCTION__
__construct
HORIDO
__FUNCTION__
__construct
HORIDO
__FUNCTION__
__construct
HORIDO
__FUNCTION__
__construct
HORIDO
__FUNCTION__
__construct
HORIDO
__FUNCTION__
__construct
HORIDO
__FUNCTION__
__construct
HORIDO
__FUNCTION__
__construct
HORIDO
__FUNCTION__
__construct
HORIDO
__FUNCTION__
__construct
HORIDO
__FUNCTION__
__construct
HORIDO
__FUNCTION__
__construct
HORIDO
__FUNCTION__
__construct
HORIDO
__FUNCTION__
__construct
HORIDO
__FUNCTION__
__construct
HORIDO
__FUNCTION__
__construct
HORIDO
__FUNCTION__
__construct
HORIDO
__FUNCTION__
__construct
HORIDO
__FUNCTION__
__construct
HORIDO
__FUNCTION__
__construct
HORIDO
__FUNCTION__
__construct
HORIDO
__FUNCTION__
__construct
HORIDO
__FUNCTION__
__construct
HORIDO
__FUNCTION__
HORIDO
__FUNCTION__
HORIDO
__FUNCTION__
HORIDO
__FUNCTION__
HORIDO
__FUNCTION__
HORIDO
__FUNCTION__
HORIDO
__FUNCTION__
HORIDO
__FUNCTION__
HORIDO
__FUNCTION__
HORIDO
__FUNCTION__
__FUNCTION__dddd
__FUNCTION__
__FUNCTION__dddd
__FUNCTION__
__FUNCTION__dddd
__FUNCTION__
HORIDO
showNavigation
__FUNCTION__
HORIDO
showNavigation
__FUNCTION__
HORIDO
showNavigation
__FUNCTION__
HORIDO
showNavigation
__FUNCTION__
HORIDO
showNavigation
__FUNCTION__
HORIDO
showNavigation
__FUNCTION__
HORIDO
showNavigation
__FUNCTION__
HORIDO
showNavigation
__FUNCTION__
HORIDO
showNavigation
__FUNCTION__
__construct
__construct
HORIDO
showNavigation
__construct
__FUNCTION__
__construct
__construct
HORIDO
showNavigation
__construct
__FUNCTION__
__construct
__construct
HORIDO
showNavigation
__construct
__FUNCTION__
__construct
__construct
HORIDO
showNavigation
__construct
__FUNCTION__
__construct
__construct
HORIDO
showNavigation
__construct
__FUNCTION__
__construct
__construct
HORIDO
showNavigation
__construct
__FUNCTION__
__construct
__construct
HORIDO
showNavigation
__construct
__FUNCTION__
__construct
__construct
HORIDO
showNavigation
__construct
__FUNCTION__
__construct
__construct
HORIDO
showNavigation
__construct
__FUNCTION__
__construct
__construct
HORIDO
showNavigation
__construct
__FUNCTION__
__construct
__construct
HORIDO
showNavigation
__construct
__FUNCTION__
__construct
__construct
HORIDO
showNavigation
__construct
__FUNCTION__
HORIDO
showNavigation
getTitles
__FUNCTION__
HORIDO
showNavigation
getTitles
__FUNCTION__
HORIDO
showNavigation
getTitles
HORIDO
showNavigation
HORIDO
showNavigation
HORIDO
showNavigation
HORIDO
showNavigation
HORIDO
showNavigation
HORIDO
showNavigation
HORIDO
showNavigation
HORIDO
showNavigation
HORIDO
showNavigation
HORIDO
showNavigation
HORIDO
showNavigation
HORIDO
showNavigation
HORIDO
showNavigation
HORIDO
showNavigation
HORIDO
showNavigation
HORIDO
showNavigation
HORIDO
showNavigation
HORIDO
showNavigation
HORIDO
showNavigation
HORIDO
showNavigation
HORIDO
showNavigation
HORIDO
showNavigation
HORIDO
showNavigation
HORIDO
showNavigation
SET NAMES UTF8;
SET NAMES UTF8;
SET NAMES UTF8;
SET NAMES UTF8;
showNavigation
SET NAMES UTF8;
SELECT title, name FROM modules;
isOpenModule
SELECT id, title, name, description, type_id FROM modules WHERE name = 'login';
isOpenModule
SELECT id, title, name, description, type_id FROM modules WHERE name = 'login';
SET NAMES UTF8;
SET NAMES UTF8;
SET NAMES UTF8;
SET NAMES UTF8;
showNavigation
SET NAMES UTF8;
SELECT title, name FROM modules;
isOpenModule
SELECT id, title, name, description, type_id FROM modules WHERE name = 'login';
isOpenModule
SELECT id, title, name, description, type_id FROM modules WHERE name = 'login';
SET NAMES UTF8;
SET NAMES UTF8;
SET NAMES UTF8;
SET NAMES UTF8;
showNavigation
SET NAMES UTF8;
SELECT title, name FROM modules;
isOpenModule
SELECT id, title, name, description, type_id FROM modules WHERE name = 'login';
isOpenModule
SELECT id, title, name, description, type_id FROM modules WHERE name = 'login';
SET NAMES UTF8;
SET NAMES UTF8;
SET NAMES UTF8;
SET NAMES UTF8;
showNavigation
SET NAMES UTF8;
SELECT title, name FROM modules;
isOpenModule
SELECT id, title, name, description, type_id FROM modules WHERE name = 'login';
isOpenModule
SELECT id, title, name, description, type_id FROM modules WHERE name = 'login';
SET NAMES UTF8;
SET NAMES UTF8;
SET NAMES UTF8;
SET NAMES UTF8;
showNavigation
SET NAMES UTF8;
SELECT title, name FROM modules;
isOpenModule
SELECT id, title, name, description, type_id FROM modules WHERE name = 'login';
isOpenModule
SELECT id, title, name, description, type_id FROM modules WHERE name = 'login';
SET NAMES UTF8;
SET NAMES UTF8;
SET NAMES UTF8;
SET NAMES UTF8;
showNavigation
SET NAMES UTF8;
SELECT title, name FROM modules;
isOpenModule
SELECT id, title, name, description, type_id FROM modules WHERE name = 'login';
isOpenModule
SELECT id, title, name, description, type_id FROM modules WHERE name = 'login';
SET NAMES UTF8;
SET NAMES UTF8;
SET NAMES UTF8;
SET NAMES UTF8;
showNavigation
SET NAMES UTF8;
SELECT title, name FROM modules;
isOpenModule
SELECT id, title, name, description, type_id FROM modules WHERE name = 'login';
isOpenModule
SELECT id, title, name, description, type_id FROM modules WHERE name = 'login';
SET NAMES UTF8;
SET NAMES UTF8;
SET NAMES UTF8;
SET NAMES UTF8;
showNavigation
SET NAMES UTF8;
SELECT title, name FROM modules;
isOpenModule
SELECT id, title, name, description, type_id FROM modules WHERE name = 'login';
isOpenModule
SELECT id, title, name, description, type_id FROM modules WHERE name = 'login';
SET NAMES UTF8;
SET NAMES UTF8;
SET NAMES UTF8;
SET NAMES UTF8;
showNavigation
SET NAMES UTF8;
SELECT title, name FROM modules;
isOpenModule
SELECT id, title, name, description, type_id FROM modules WHERE name = 'login';
isOpenModule
SELECT id, title, name, description, type_id FROM modules WHERE name = 'login';
SET NAMES UTF8;
SET NAMES UTF8;
SET NAMES UTF8;
SET NAMES UTF8;
showNavigation
SET NAMES UTF8;
SELECT title, name FROM modules;
isOpenModule
SELECT id, title, name, description, type_id FROM modules WHERE name = 'login';
isOpenModule
SELECT id, title, name, description, type_id FROM modules WHERE name = 'login';
SET NAMES UTF8;
SELECT id, username, password, name, surname, lastseen, rights_id, groups_id, creator_id, created, alterer_id, userstatus_id FROM users WHERE username = 'nesses';
UPDATE users SET userstatus_id = '1' WHERE username = 'nesses' ;
UPDATE users SET lastseen = '2017-05-09 14:30:26' WHERE username = 'nesses' ;
SELECT id, username, password, name, surname, lastseen, rights_id, groups_id, creator_id, created, alterer_id, userstatus_id FROM users WHERE username = 'nesses';
SET NAMES UTF8;
SET NAMES UTF8;
SET NAMES UTF8;
SET NAMES UTF8;
showNavigation
SET NAMES UTF8;
SELECT title, name FROM modules;
isOpenModule
SELECT id, title, name, description, type_id FROM modules WHERE name = 'employees';
SET NAMES UTF8;
SET NAMES UTF8;
SET NAMES UTF8;
SET NAMES UTF8;
showNavigation
SET NAMES UTF8;
SELECT title, name FROM modules;
isOpenModule
SELECT id, title, name, description, type_id FROM modules WHERE name = 'employees';
SET NAMES UTF8;
SET NAMES UTF8;
SET NAMES UTF8;
SET NAMES UTF8;
showNavigation
SET NAMES UTF8;
SELECT title, name FROM modules;
isOpenModule
SELECT id, title, name, description, type_id FROM modules WHERE name = 'employees';
SET NAMES UTF8;
SET NAMES UTF8;
SET NAMES UTF8;
SET NAMES UTF8;
showNavigation
SET NAMES UTF8;
SELECT title, name FROM modules;
isOpenModule
SELECT id, title, name, description, type_id FROM modules WHERE name = 'employees';
SET NAMES UTF8;
SELECT count(id) FROM users;
select 
                    a.id,a.surname,a.name,a.username,a.password,a.lastseen,a.created,a.altered,a.userstatus_id,
                    b.title as groups_id,
                    c.title as rights_id,
                    d.username as creator_id,
                    e.username as alterer_id,
                    a.userstatus_id as userstatus_id 
                from      users  a 
                left join groups b on a.groups_id = b.id 
                left join rights c on a.rights_id = c.id 
                left join users  d on a.creator_id = d.id 
                left join users  e on a.alterer_id = e.id  limit 0,5
SET NAMES UTF8;
SET NAMES UTF8;
SET NAMES UTF8;
SET NAMES UTF8;
showNavigation
SET NAMES UTF8;
SELECT title, name FROM modules;
isOpenModule
SELECT id, title, name, description, type_id FROM modules WHERE name = 'employees';
SET NAMES UTF8;
SELECT count(id) FROM users;
select 
                    a.id,a.surname,a.name,a.username,a.password,a.lastseen,a.created,a.altered,a.userstatus_id,
                    b.title as groups_id,
                    c.title as rights_id,
                    d.username as creator_id,
                    e.username as alterer_id,
                    a.userstatus_id as userstatus_id 
                from      users  a 
                left join groups b on a.groups_id = b.id 
                left join rights c on a.rights_id = c.id 
                left join users  d on a.creator_id = d.id 
                left join users  e on a.alterer_id = e.id  limit 0,5
SET NAMES UTF8;
SET NAMES UTF8;
SET NAMES UTF8;
SET NAMES UTF8;
showNavigation
SET NAMES UTF8;
SELECT title, name FROM modules;
isOpenModule
SELECT id, title, name, description, type_id FROM modules WHERE name = 'employees';
SET NAMES UTF8;
SELECT count(id) FROM users;
select 
                    a.id,a.surname,a.name,a.username,a.password,a.lastseen,a.created,a.altered,a.userstatus_id,
                    b.title as groups_id,
                    c.title as rights_id,
                    d.username as creator_id,
                    e.username as alterer_id,
                    a.userstatus_id as userstatus_id 
                from      users  a 
                left join groups b on a.groups_id = b.id 
                left join rights c on a.rights_id = c.id 
                left join users  d on a.creator_id = d.id 
                left join users  e on a.alterer_id = e.id  limit 0,5
SET NAMES UTF8;
SET NAMES UTF8;
SET NAMES UTF8;
SET NAMES UTF8;
showNavigation
SET NAMES UTF8;
SELECT title, name FROM modules;
isOpenModule
SELECT id, title, name, description, type_id FROM modules WHERE name = 'employees';
SET NAMES UTF8;
SELECT count(id) FROM users;
select 
                    a.id,a.surname,a.name,a.username,a.password,a.lastseen,a.created,a.altered,a.userstatus_id,
                    b.title as groups_id,
                    c.title as rights_id,
                    d.username as creator_id,
                    e.username as alterer_id,
                    a.userstatus_id as userstatus_id 
                from      users  a 
                left join groups b on a.groups_id = b.id 
                left join rights c on a.rights_id = c.id 
                left join users  d on a.creator_id = d.id 
                left join users  e on a.alterer_id = e.id  limit 0,5
SET NAMES UTF8;
SET NAMES UTF8;
SET NAMES UTF8;
SET NAMES UTF8;
showNavigation
SET NAMES UTF8;
SELECT title, name FROM modules;
isOpenModule
SELECT id, title, name, description, type_id FROM modules WHERE name = 'employees';
SET NAMES UTF8;
SELECT count(id) FROM users;
select 
                    a.id,a.surname,a.name,a.username,a.password,a.lastseen,a.created,a.altered,a.userstatus_id,
                    b.title as groups_id,
                    c.title as rights_id,
                    d.username as creator_id,
                    e.username as alterer_id,
                    a.userstatus_id as userstatus_id 
                from      users  a 
                left join groups b on a.groups_id = b.id 
                left join rights c on a.rights_id = c.id 
                left join users  d on a.creator_id = d.id 
                left join users  e on a.alterer_id = e.id  limit 0,5
SET NAMES UTF8;
SET NAMES UTF8;
SET NAMES UTF8;
SET NAMES UTF8;
showNavigation
SET NAMES UTF8;
SELECT title, name FROM modules;
isOpenModule
SELECT id, title, name, description, type_id FROM modules WHERE name = 'employees';
SET NAMES UTF8;
SELECT count(id) FROM users;
select 
                    a.id,a.surname,a.name,a.username,a.password,a.lastseen,a.created,a.altered,a.userstatus_id,
                    b.title as groups_id,
                    c.title as rights_id,
                    d.username as creator_id,
                    e.username as alterer_id,
                    a.userstatus_id as userstatus_id 
                from      users  a 
                left join groups b on a.groups_id = b.id 
                left join rights c on a.rights_id = c.id 
                left join users  d on a.creator_id = d.id 
                left join users  e on a.alterer_id = e.id  limit 0,5
SET NAMES UTF8;
SET NAMES UTF8;
SET NAMES UTF8;
SET NAMES UTF8;
showNavigation
SET NAMES UTF8;
SELECT title, name FROM modules;
isOpenModule
SELECT id, title, name, description, type_id FROM modules WHERE name = 'employees';
SET NAMES UTF8;
SELECT count(id) FROM users;
select 
                    a.id,a.surname,a.name,a.username,a.password,a.lastseen,a.created,a.altered,a.userstatus_id,
                    b.title as groups_id,
                    c.title as rights_id,
                    d.username as creator_id,
                    e.username as alterer_id,
                    a.userstatus_id as userstatus_id 
                from      users  a 
                left join groups b on a.groups_id = b.id 
                left join rights c on a.rights_id = c.id 
                left join users  d on a.creator_id = d.id 
                left join users  e on a.alterer_id = e.id  limit 0,5
SET NAMES UTF8;
SET NAMES UTF8;
SET NAMES UTF8;
SET NAMES UTF8;
showNavigation
SET NAMES UTF8;
SELECT title, name FROM modules;
isOpenModule
SELECT id, title, name, description, type_id FROM modules WHERE name = 'employees';
SET NAMES UTF8;
SELECT count(id) FROM users;
select 
                    a.id,a.surname,a.name,a.username,a.password,a.lastseen,a.created,a.altered,a.userstatus_id,
                    b.title as groups_id,
                    c.title as rights_id,
                    d.username as creator_id,
                    e.username as alterer_id,
                    a.userstatus_id as userstatus_id 
                from      users  a 
                left join groups b on a.groups_id = b.id 
                left join rights c on a.rights_id = c.id 
                left join users  d on a.creator_id = d.id 
                left join users  e on a.alterer_id = e.id  limit 0,5
SET NAMES UTF8;
SET NAMES UTF8;
SET NAMES UTF8;
SET NAMES UTF8;
showNavigation
SET NAMES UTF8;
SELECT title, name FROM modules;
isOpenModule
SELECT id, title, name, description, type_id FROM modules WHERE name = 'employees';
SET NAMES UTF8;
SELECT count(id) FROM users;
select 
                    a.id,a.surname,a.name,a.username,a.password,a.lastseen,a.created,a.altered,a.userstatus_id,
                    b.title as groups_id,
                    c.title as rights_id,
                    d.username as creator_id,
                    e.username as alterer_id,
                    a.userstatus_id as userstatus_id 
                from      users  a 
                left join groups b on a.groups_id = b.id 
                left join rights c on a.rights_id = c.id 
                left join users  d on a.creator_id = d.id 
                left join users  e on a.alterer_id = e.id  limit 0,5
SET NAMES UTF8;
SET NAMES UTF8;
SET NAMES UTF8;
SET NAMES UTF8;
showNavigation
SET NAMES UTF8;
SELECT title, name FROM modules;
isOpenModule
SELECT id, title, name, description, type_id FROM modules WHERE name = 'login';
SET NAMES UTF8;
UPDATE users SET userstatus_id = '2' WHERE username = 'nesses' ;
SET NAMES UTF8;
SET NAMES UTF8;
SET NAMES UTF8;
SET NAMES UTF8;
showNavigation
SET NAMES UTF8;
SELECT title, name FROM modules;
isOpenModule
SELECT id, title, name, description, type_id FROM modules WHERE name = 'login';
isOpenModule
SELECT id, title, name, description, type_id FROM modules WHERE name = 'login';
SET NAMES UTF8;
UPDATE users SET userstatus_id = '2' WHERE username = '' ;
SET NAMES UTF8;
SET NAMES UTF8;
SET NAMES UTF8;
SET NAMES UTF8;
showNavigation
SET NAMES UTF8;
SELECT title, name FROM modules;
isOpenModule
SELECT id, title, name, description, type_id FROM modules WHERE name = 'login';
isOpenModule
SELECT id, title, name, description, type_id FROM modules WHERE name = 'login';
showNavigation
isOpenModule
isOpenModule
showNavigation
showNavigation
ModuleController
showNavigation
ModuleController::__construct
showNavigation
ModuleController::__construct
showNavigation
ModuleController::__construct
showNavigation
ModuleController::__construct
showNavigation
ModuleController::__construct
showNavigation
ModuleController::__construct
showNavigation
ModuleController::__construct
showNavigation
ModuleController::__construct
showNavigation
ModuleController::__construct
showNavigation
showNavigation
Login
ModuleController
showNavigation
Login
ModuleController
showNavigation
Login
ModuleController
showNavigation
Login
LoginController
ModuleController
showNavigation
Login
LoginController
ModuleController
showNavigation
Login
LoginController
showNavigation
Login
LoginController
showNavigation
Login
LoginController
showNavigation
Login
LoginController
showNavigation
Login
LoginController
showNavigation
Login
LoginController
showNavigation
Login
LoginController
fetchView
'mksahdain
showNavigation
Login
LoginController
fetchView
'mksahdain
showNavigation
Login
LoginController
fetchView
'mksahdain
showNavigation
Login
LoginController
fetchView
showNavigation
Login
LoginController
fetchView
'main
showNavigation
Login
LoginController
fetchView
'main
showNavigation
Login
LoginController
fetchView
'main
showNavigation
fetchView
|ListView
showNavigation
fetchView
'ListView
showNavigation
fetchView
'ListView
showNavigation
fetchView
'ListView
showNavigation
fetchView
'ListView
showNavigation
fetchView
'ListView
showNavigation
fetchView
|ListViesadw
showNavigation
fetchView
'ListViesadw
showNavigation
fetchView
'ListViesadw
showNavigation
fetchView
'ListViesadw
showNavigation
fetchView
'ListViesadw
showNavigation
fetchView
'ListViesadw
showNavigation
fetchView
|ListVie
showNavigation
fetchView
'ListVie
showNavigation
fetchView
'ListVie
showNavigation
fetchView
X
showNavigation
fetchView
X
showNavigation
fetchView
X
showNavigation
fetchView
X
showNavigation
fetchView
X
showNavigation
fetchView
X
showNavigation
fetchView
'ListView
showNavigation
fetchView
'ListView
showNavigation
fetchView
'ListView
showNavigation
fetchView
|ListViewasd
showNavigation
fetchView
'ListViewasd
showNavigation
fetchView
'ListViewasd
showNavigation
fetchView
'ListViewasd
ModuleController
XListViewasd
showNavigation
fetchView
'ListViewasd
ModuleController
XListViewasd
showNavigation
fetchView
'ListViewasd
ModuleController
XListViewasd
showNavigation
fetchView
'ListViewasd
ModuleController
XListViewasd
showNavigation
fetchView
'ListViewasd
ModuleController
XListViewasd
showNavigation
fetchView
'ListViewasd
ModuleController
XListViewasd
showNavigation
Login
LoginController
fetchView
X
ModuleController
|main
showNavigation
Login
LoginController
fetchView
X
ModuleController
|main
showNavigation
Login
LoginController
fetchView
|main
ModuleController
Xmain
showNavigation
Login
LoginController
fetchView
'main
ModuleController
Xmain
Login
LoginController
fetchView
'main
ModuleController
Xmain
Login
LoginController
fetchView
'main
ModuleController
Xmain
Login
LoginController
fetchView
'main
ModuleController
Xmain
Login
LoginController
fetchView
'main
ModuleController
Xmain
Login
LoginController
fetchView
|masdain
ModuleController
Xmasdain
Login
LoginController
init::main::
fetchView
'masdain
ModuleController
Xmasdain
Login
LoginController
init::main::
fetchView
'masdain
ModuleController
Xmasdain
Login
LoginController
init::main::
fetchView
X
ModuleController
Xmain
Login
LoginController
init::main::
fetchView
'main
ModuleController
Xmain
Login
LoginController
init::main::
fetchView
|mainakjsdh
ModuleController
Xmainakjsdh
Login
LoginController
init::main::
fetchView
|main
ModuleController
Xmain
Login
LoginController
init::main::
fetchView
'main
ModuleController
|main
Login
LoginController
init::main::
fetchView
'main
ModuleController
'main
Login
LoginController
init::main::
fetchView
'main
ModuleController
'main
Login
LoginController
init::main::
fetchView
'main
ModuleController
'main
Login
LoginController
init::main::
fetchView
'main
ModuleController
'main
Login
LoginController
init::main::
fetchView
'main
ModuleController
'main
Login
LoginController
init::main::
fetchView
'main
ModuleController
'main
Login
LoginController
init::main::
fetchView
'main
ModuleController
'main
Login
LoginController
init::main::
fetchView
'main
ModuleController
'main
Login
LoginController
init::main::
fetchView
'main
ModuleController
'main
Login
LoginController
init::main::
fetchView
'main
ModuleController
'main
Login
LoginController
init::main::
fetchView
'main
ModuleController
'main
Login
LoginController
init::main::
fetchView
'main
ModuleController
'main
Login
LoginController
init::main::
fetchView
'main
ModuleController
Login
LoginController
init::main::
fetchView
'main
ModuleController
Login
LoginController
init::main::
fetchView
'main
ModuleController
Login
LoginController
init::main::
fetchView
'main
fetchAction
Login
LoginController
init::main::
fetchView
'main
fetchAction
Login
LoginController
init::main::
fetchView
'main
fetchAction
Login
LoginController
init::main::
fetchView
'main
fetchAction
'main
Login
LoginController
init::main::
fetchView
'main
fetchAction
'main
Login
LoginController
init::main::
fetchView
'main
fetchAction
'main
Login
LoginController
init::main::
fetchView
X
fetchAction
'main
Login
LoginController
init::main::
fetchView
X
fetchAction
'main
Login
LoginController
init::main::
fetchView
X
fetchAction
'main
Login
LoginController
init::main::
fetchView
X
fetchAction
|main
Login
LoginController
init::main::
fetchView
X
fetchAction
'main
Login
LoginController
init::main::
fetchView
X
fetchAction
'main
Login
LoginController
init::main::
fetchView
X
fetchAction
'main
Login
LoginController
init::main::
fetchView
X
fetchAction
'main
Login
LoginController
init::main::
fetchView
X
fetchAction
'main
Login
LoginController
init::main::
fetchView
X
fetchAction
'main
Login
LoginController
init::main::
fetchView
X
fetchAction
'main
Login
LoginController
init::main::
fetchView
X
fetchAction
'main
Login
LoginController
init::main::
fetchView
X
fetchAction
'main
Login
LoginController
init::main::
fetchView
X
fetchAction
'main
Login
LoginController
init::main::
fetchView
X
fetchAction
'main
Login
LoginController
init::main::
fetchView
X
fetchAction
'main
Login
LoginController
init::main::
fetchView
X
fetchAction
'main
Login
LoginController
init::main::
fetchView
X
fetchAction
'main
Login
LoginController
init::main::
fetchView
X
fetchAction
'main
Login
LoginController
init::main::
fetchView
X
fetchAction
'main
Login
LoginController
init::main::
fetchView
X
fetchAction
'main
Login
LoginController
init::main::
fetchView
X
fetchAction
'main
Login
LoginController
init::main::
fetchView
X
fetchAction
'main
Login
LoginController
init::main::
fetchView
X
fetchAction
'main
Login
LoginController
init::main::
fetchView
X
fetchAction
'main
Login
LoginController
init::main::
fetchView
X
fetchAction
'main
Login
LoginController
init::main::
fetchView
X
fetchAction
'main
Login
LoginController
init::main::
fetchView
X
fetchAction
|main
Login
LoginController
init::main::
fetchView
X
fetchAction
'main
Login
LoginController
init::main::
fetchView
X
fetchAction
'main
Login
LoginController
init::main::
fetchAction
'main
Login
LoginController
init::main::
fetchAction
'main
Login
LoginController
init::main::
fetchAction
'main
Login
LoginController
init::main::
fetchAction
'doLogin
Login
LoginController
init::main::
fetchAction
'doLogin
Login
LoginController
init::main::
fetchAction
'doLogin
Login
LoginController
init::main::
fetchAction
'doLogin
Login
LoginController
init::main::
fetchAction
'doLogin
Login
LoginController
init::main::
fetchAction
'doLogin
Login
LoginController
init::main::
fetchAction
|doLog
Login
LoginController
init::main::
fetchAction
'doLog
Login
LoginController
init::main::
fetchAction
'doLog
Login
LoginController
init::main::
fetchAction
|doLogin
Login
LoginController
init::main::
fetchAction
'doLogin
Login
LoginController
init::main::
fetchAction
'doLogin
Login
LoginController
init::main::
fetchAction
|doLogi
Login
LoginController
init::main::
fetchAction
'doLogi
Login
LoginController
init::main::
fetchAction
'doLogi
Login
LoginController
init::main::
fetchAction
|doLogin
Login
LoginController
init::main::
fetchAction
'doLogin
Login
LoginController
init::main::
fetchAction
'doLogin
Login
LoginController
init::main::
fetchAction
X
Login
LoginController
init::main::
fetchAction
X
Login
LoginController
init::main::
fetchAction
X
Login
LoginController
init::main::
fetchAction
X
Login
LoginController
init::main::
fetchAction
X
Login
LoginController
init::main::
fetchAction
X
Login
LoginController
init::main::
fetchAction
X
Login
LoginController
init::main::
fetchAction
X
Login
LoginController
init::main::
fetchAction
X
Login
LoginController
init::main::
fetchAction
X
Login
LoginController
init::main::
fetchAction
X
Login
LoginController
init::main::
fetchAction
X
Login
LoginController
init::main::
fetchAction
X
Login
LoginController
init::main::
fetchAction
X
Login
LoginController
init::main::
fetchAction
X
Login
LoginController
init::main::
fetchAction
X
Login
LoginController
init::main::
fetchAction
X
Login
LoginController
init::main::
fetchAction
X
Login
LoginController
init::main::
fetchAction
X
Login
LoginController
init::main::
fetchAction
X
Login
LoginController
init::main::
fetchAction
X
Login
LoginController
init::main::
fetchAction
X
Login
LoginController
init::main::
fetchAction
X
Login
LoginController
init::main::
fetchAction
X
Login
LoginController
init::main::
fetchAction
X
Login
LoginController
init::main::
fetchAction
X
Login
LoginController
init::main::
fetchAction
X
Login
init
fetchAction
X
Login
init
fetchAction
X
Login
init
fetchAction
X
Login
init
fetchAction
X
Login
init
fetchAction
X
Login
init
fetchAction
X
Login
init
fetchAction
X
Login
init
fetchAction
X
Login
init
fetchAction
X
Login
init
fetchAction
X
Login
init
fetchAction
X
Login
init
fetchAction
X
Login
init
fetchAction
X
Login
init
fetchAction
X
Login
init
fetchAction
X
Login
init
fetchAction
|alksdj
Login
init
fetchAction
'alksdj
Login
init
fetchAction
'alksdj
Login
init
fetchAction
Login
init
fetchAction
Login
init
fetchAction
Login
init
fetchView
fetchAction
Login
init
fetchView
fetchAction
Login
init
fetchView
fetchAction
Login
init
fetchView
fetchAction
Login
init
fetchView
fetchAction
Login
init
fetchView
fetchAction
Login
init
fetchView
fetchAction
|blupo
Login
init
fetchView
fetchAction
Login
init
fetchView
fetchAction
Login
init
Login
init
Login
init
Login
init
A|blup
Login
init
Login
init
Login
init
Login
init
Login
init
Login
init
Login
init
Login
init
Login
init
Login
init
Login
init
Login
init
Login
init
Login
init
Login
init
A|blupasd
Login
init
Login
init
Login
init
Login
init
Login
init
Login
init
A|doLogin
init
V|ListView
init
init
Login
IV::main
A|doLogout
Login
IV::main
A|doLogout
Login
V|main
Login
A|doLogin
V|ListView
Login
IV::main
A|doLogout
Login
IV::main
A|doLogout
Login
V|main
Login
A|doLogin
V|ListView
Login
IV::main
A|doLogout
Login
IV::main
A|doLogout
Login
V|main
Login
A|doLogin
V|ListView
Login
IV::main
A|doLogout
Login
IV::main
A|doLogout
Login
V|main
Login
A|doLogin
V|ListView
Got A:
Got A:
Got A:
Got A:
Got V:ListView
Got A:
Got V:ListView
Got A:
Got V:ListView
Login
IV::main
A|doLogout
Got A:doLogout
Got V:main
Login
IV::main
A|doLogout
Got A:doLogout
Got V:main
Login
V|main
Got A:
Got V:main
Login
A|doLogin
Got A:doLogin
Got V:main
V|ListView
Got A:
Got V:ListView
Got A:
Got V:ListView
Got A:
Got V:ListView
plungerclock
IV::dashBoard
Got A:
Got V:dashBoard
plungerclock
IV::dashBoard
Got A:
Got V:dashBoard
plungerclock
IV::dashBoard
Got A:
Got V:dashBoard
IV::ListView
Got A:
Got V:ListView
IV::ListView
Got A:
Got V:ListView
IV::ListView
Got A:
Got V:ListView
Got A:
Got V:ListView
Got A:
Got V:ListView
Got A:
Got V:ListView
Got A:
Got V:ListView
Got A:
Got V:ListView
Got A:
Got V:ListView
V|ListVie
Got A:
Got A:
Got A:
V|ListVieasd
Got A:
Got A:
Got A:
V|ListView
Got A:
Got V:ListView
Got A:
Got V:ListView
Got A:
Got V:ListView
plungerclock
IV::dashBoard
Got A:
Got V:dashBoard
plungerclock
IV::dashBoard
Got A:
Got V:dashBoard
plungerclock
IV::dashBoard
Got A:
Got V:dashBoard
IV::ListView
Got A:
Got V:ListView
IV::ListView
Got A:
Got V:ListView
IV::ListView
Got A:
Got V:ListView
DEF V::ListView
Got A:
Got V:ListView
DEF V::ListView
Got A:
Got V:ListView
DEF V::ListView
Got A:
Got V:ListView
Login
DEF V::main
A|doLogout
Got A:doLogout
Got V:main
Login
DEF V::main
A|doLogout
Got A:doLogout
Got V:main
Login
V|main
Got A:
Got V:main
Login
Got A:
Got V:main
Login
Got A:
Got V:main
Login
DEF V::main
Got A:
Got V:main
Login
DEF V::main
Got A:
Got V:main
Login
DEF V::main
Got A:
Got V:main
Login
DEF V::main
Got A:
Got V:main
Login
A|doLogin
Got A:doLogin
Got V:main
V|ListView
Got A:
Got V:ListView
Got A:
Got V:ListView
Got A:
Got V:ListView
Got A:
Got V:ListView
Got A:
Got V:ListView
Got A:
Got V:ListView
Got A:
Got V:ListView
Got A:
Got V:ListView
Got A:
Got V:ListView
Got A:
Got V:ListView
Got A:
Got V:ListView
Got A:
Got V:ListView
DEF V::ListView
Got A:
Got V:ListView
DEF V::ListView
Got A:
Got V:ListView
DEF V::ListView
Got A:
Got V:ListView
DEF V::ListView
Got A:
Got V:ListView
DEF V::ListView
Got A:
Got V:ListView
DEF V::ListView
Got A:
Got V:ListView
NOTHING FETCHED
DEF V::ListView
Got A:
Got V:ListView
NOTHING FETCHED
DEF V::ListView
Got A:
Got V:ListView
NOTHING FETCHED
DEF V::ListView
Got A:
Got V:ListView
V-NOTHING FETCHED
DEF V::ListView
A-NOTHING FETCHED
Got A:
Got V:ListView
V-NOTHING FETCHED
DEF V::ListView
A-NOTHING FETCHED
Got A:
Got V:ListView
V-NOTHING FETCHED
DEF V::ListView
A-NOTHING FETCHED
Got A:
Got V:ListView
V-NOTHING FETCHED -OLD:ListView
A-NOTHING FETCHED
Got A:
Got V:ListView
V-NOTHING FETCHED -OLD:ListView
A-NOTHING FETCHED
Got A:
Got V:ListView
V-NOTHING FETCHED -OLD:ListView
A-NOTHING FETCHED
Got A:
Got V:ListView
V-NOTHING FETCHED -OLD:ListView
A-NOTHING FETCHED
Got A:
Got V:ListView
V-NOTHING FETCHED -OLD:ListView
A-NOTHING FETCHED
Got A:
Got V:ListView
V-NOTHING FETCHED -OLD:ListView
A-NOTHING FETCHED
Got A:
Got V:ListView
V-NOTHING FETCHED -OLD:ListView
A-NOTHING FETCHED -OLD:
Got A:
Got V:ListView
V-NOTHING FETCHED -OLD:ListView
A-NOTHING FETCHED -OLD:
Got A:
Got V:ListView
V-NOTHING FETCHED -OLD:ListView
A-NOTHING FETCHED -OLD:
Got A:
Got V:ListView
V-NOTHING FETCHED -OLD:ListView
A-NOTHING FETCHED -OLD:
Got A:
Got V:ListView
V-NOTHING FETCHED -OLD:ListView
A-NOTHING FETCHED -OLD:
Got A:
Got V:ListView
V-NOTHING FETCHED -OLD:ListView
A-NOTHING FETCHED -OLD:
Got A:
Got V:ListView
V|klsaj
A-NOTHING FETCHED -OLD:
Got A:
A-NOTHING FETCHED -OLD:
Got A:
A-NOTHING FETCHED -OLD:
Got A:
V-NOTHING FETCHED -OLD:klsaj
A-NOTHING FETCHED -OLD:
Got A:
V-NOTHING FETCHED -OLD:klsaj
A-NOTHING FETCHED -OLD:
Got A:
V-NOTHING FETCHED -OLD:klsaj
A-NOTHING FETCHED -OLD:
Got A:
V-NOTHING FETCHED -OLD:klsaj
A-NOTHING FETCHED -OLD:
Got A:
V-NOTHING FETCHED -OLD:klsaj
A-NOTHING FETCHED -OLD:
Got A:
V-NOTHING FETCHED -OLD:klsaj
A-NOTHING FETCHED -OLD:
Got A:
V-NOTHING FETCHED -OLD:klsaj
A-NOTHING FETCHED -OLD:
Got A:
V-NOTHING FETCHED -OLD:klsaj
A-NOTHING FETCHED -OLD:
Got A:
V-NOTHING FETCHED -OLD:klsaj
A-NOTHING FETCHED -OLD:
Got A:
V-NOTHING FETCHED -OLD:klsaj
A-NOTHING FETCHED -OLD:
Got A:
V-NOTHING FETCHED -OLD:klsaj
A-NOTHING FETCHED -OLD:
Got A:
V-NOTHING FETCHED -OLD:klsaj
A-NOTHING FETCHED -OLD:
Got A:
V|ListView
A-NOTHING FETCHED -OLD:
Got A:
Got V:ListView
A-NOTHING FETCHED -OLD:
Got A:
Got V:ListView
A-NOTHING FETCHED -OLD:
Got A:
Got V:ListView
A-NOTHING FETCHED -OLD:
Got A:
Got V:ListView
A-NOTHING FETCHED -OLD:
Got A:
Got V:ListView
A-NOTHING FETCHED -OLD:
Got A:
Got V:ListView
A-NOTHING FETCHED -OLD:
Got A:
Got V:ListView
A-NOTHING FETCHED -OLD:
Got A:
Got V:ListView
A-NOTHING FETCHED -OLD:
Got A:
Got V:ListView
V|ListViewsad
A-NOTHING FETCHED -OLD:
Got A:
A-NOTHING FETCHED -OLD:
Got A:
A-NOTHING FETCHED -OLD:
Got A:
V|ListView
A-NOTHING FETCHED -OLD:
Got A:
Got V:ListView
A-NOTHING FETCHED -OLD:
Got A:
Got V:ListView
A-NOTHING FETCHED -OLD:
Got A:
Got V:ListView
A|blup
Got V:ListView
Got V:ListView
Got V:ListView
A-NOTHING FETCHED -OLD:
Got A:
Got V:ListView
A-NOTHING FETCHED -OLD:
Got A:
Got V:ListView
A-NOTHING FETCHED -OLD:
Got A:
Got V:ListView
Got V:ListView
Got V:ListView
Got V:ListView
Got V:ListView
Got V:ListView
Got V:ListView
A|blupf
Got V:ListView
Got V:ListView
Got V:ListView
A|page
Got A:page
Got V:ListView
Got A:page
Got V:ListView
Got A:page
Got V:ListView
A|test
Got V:ListView
Got V:ListView
Got V:ListView
A-NOTHING FETCHED -OLD:
Got A:
Got V:ListView
A-NOTHING FETCHED -OLD:
Got A:
Got V:ListView
A-NOTHING FETCHED -OLD:
Got A:
Got V:ListView
V-NOTHING FETCHED -OLD:ListView
A-NOTHING FETCHED -OLD:
Got A:
Got V:ListView
V-NOTHING FETCHED -OLD:ListView
A-NOTHING FETCHED -OLD:
Got A:
Got V:ListView
V-NOTHING FETCHED -OLD:ListView
A-NOTHING FETCHED -OLD:
Got A:
Got V:ListView
V-NOTHING FETCHED -OLD:ListView
A-NOTHING FETCHED -OLD:
Got A:
Got V:ListView
V-NOTHING FETCHED -OLD:ListView
A-NOTHING FETCHED -OLD:
Got A:
Got V:ListView
V-NOTHING FETCHED -OLD:ListView
A-NOTHING FETCHED -OLD:
Got A:
Got V:ListView
V-NOTHING FETCHED -OLD:ListView
A-NOTHING FETCHED -FORGETOLD:test
Got A:
Got V:ListView
V-NOTHING FETCHED -OLD:ListView
A-NOTHING FETCHED -FORGETOLD:test
Got A:
Got V:ListView
V-NOTHING FETCHED -OLD:ListView
A-NOTHING FETCHED -FORGETOLD:test
Got A:
Got V:ListView
V-NOTHING FETCHED -OLD:ListView
A-NOTHING FETCHED -FORGETOLD:test
Got A:
Got V:ListView
V-NOTHING FETCHED -OLD:ListView
A-NOTHING FETCHED -FORGETOLD:test
Got A:
Got V:ListView
V-NOTHING FETCHED -OLD:ListView
A-NOTHING FETCHED -FORGETOLD:test
Got A:
Got V:ListView
V-NOTHING FETCHED -OLD:ListView
A-NOTHING FETCHED -FORGETOLD:test
Got A:
Got V:ListView
V-NOTHING FETCHED -OLD:ListView
A-NOTHING FETCHED -FORGETOLD:test
Got A:
Got V:ListView
V-NOTHING FETCHED -OLD:ListView
A-NOTHING FETCHED -FORGETOLD:test
Got A:
Got V:ListView
V-NOTHING FETCHED -OLD:ListView
A-NOTHING FETCHED -FORGETOLD:test
Got A:
Got V:ListView
V-NOTHING FETCHED -OLD:ListView
A-NOTHING FETCHED -FORGETOLD:test
Got A:
Got V:ListView
V-NOTHING FETCHED -OLD:ListView
A-NOTHING FETCHED -FORGETOLD:test
Got A:
Got V:ListView
V-NOTHING FETCHED -OLD:ListView
A-NOTHING FETCHED -FORGETOLD:
Got A:
Got V:ListView
V-NOTHING FETCHED -OLD:ListView
A-NOTHING FETCHED -FORGETOLD:
Got A:
Got V:ListView
V-NOTHING FETCHED -OLD:ListView
A-NOTHING FETCHED -FORGETOLD:
Got A:
Got V:ListView
V-NOTHING FETCHED -OLD:ListView
A-NOTHING FETCHED -FORGETOLD:
Got A:
Got V:ListView
V-NOTHING FETCHED -OLD:ListView
A-NOTHING FETCHED -FORGETOLD:
Got A:
Got V:ListView
V-NOTHING FETCHED -OLD:ListView
A-NOTHING FETCHED -FORGETOLD:
Got A:
Got V:ListView
V-NOTHING FETCHED -OLD:ListView
A-NOTHING FETCHED -FORGETOLD:
Got A:
Got V:ListView
V-NOTHING FETCHED -OLD:ListView
A-NOTHING FETCHED -FORGETOLD:
Got A:
Got V:ListView
V-NOTHING FETCHED -OLD:ListView
A-NOTHING FETCHED -FORGETOLD:
Got A:
Got V:ListView
V-NOTHING FETCHED -OLD:ListView
A-NOTHING FETCHED -FORGETOLD:
Got A:
Got V:ListView
V-NOTHING FETCHED -OLD:ListView
A-NOTHING FETCHED -FORGETOLD:
Got A:
Got V:ListView
V-NOTHING FETCHED -OLD:ListView
A-NOTHING FETCHED -FORGETOLD:
Got A:
Got V:ListView
V-NOTHING FETCHED -OLD:ListView
A|lksadj
Got V:ListView
V-NOTHING FETCHED -OLD:ListView
Got V:ListView
V-NOTHING FETCHED -OLD:ListView
Got V:ListView
V-NOTHING FETCHED -OLD:ListView
A-NOTHING FETCHED -FORGETOLD:
Got A:
Got V:ListView
V-NOTHING FETCHED -OLD:ListView
A-NOTHING FETCHED -FORGETOLD:
Got A:
Got V:ListView
V-NOTHING FETCHED -OLD:ListView
A-NOTHING FETCHED -FORGETOLD:
Got A:
Got V:ListView
V-NOTHING FETCHED -OLD:ListView
A|test
Got V:ListView
V-NOTHING FETCHED -OLD:ListView
Got V:ListView
V-NOTHING FETCHED -OLD:ListView
Got V:ListView
V-NOTHING FETCHED -OLD:ListView
Got V:ListView
V-NOTHING FETCHED -OLD:ListView
Got V:ListView
V-NOTHING FETCHED -OLD:ListView
Got V:ListView
V-NOTHING FETCHED -OLD:ListView
A-NOTHING FETCHED -FORGETOLD:
Got A:
Got V:ListView
V-NOTHING FETCHED -OLD:ListView
A-NOTHING FETCHED -FORGETOLD:
Got A:
Got V:ListView
V-NOTHING FETCHED -OLD:ListView
A-NOTHING FETCHED -FORGETOLD:
Got A:
Got V:ListView
Login
V-NOTHING FETCHED -OLD:main
A|doLogout
Got A:doLogout
Got V:main
Login
V-NOTHING FETCHED -OLD:
DEF V::main
A|doLogout
Got A:doLogout
Got V:main
Login
V|main
A-NOTHING FETCHED -FORGETOLD:
Got A:
Got V:main
Login
A|doLogin
Got A:doLogin
Got V:main
V|ListView
A-NOTHING FETCHED -FORGETOLD:
Got A:
Got V:ListView
A-NOTHING FETCHED -FORGETOLD:
Got A:
Got V:ListView
A-NOTHING FETCHED -FORGETOLD:
Got A:
Got V:ListView
Login
V-NOTHING FETCHED -OLD:main
A|doLogout
Got A:doLogout
Got V:main
Login
V-NOTHING FETCHED -OLD:
DEF V::main
A|doLogout
Got A:doLogout
Got V:main
Login
V|main
A-NOTHING FETCHED -FORGETOLD:
Got A:
Got V:main
Login
A|doLoginss
Got V:main
Login
Got V:main
Login
Got V:main
Login
Got V:main
Login
Got V:main
Login
Got V:main
Login
Got V:main
Login
A|doLogi
Got V:main
Login
A-NOTHING FETCHED -FORGETOLD:
Got A:
Got V:main
Login
A|doLogin
Got A:doLogin
Got V:main
Login
Got A:doLogin
Got V:main
Login
Got A:doLogin
Got V:main
V|ListView
A-NOTHING FETCHED -FORGETOLD:
Got A:
Got V:ListView
A-NOTHING FETCHED -FORGETOLD:
Got A:
Got V:ListView
A-NOTHING FETCHED -FORGETOLD:
Got A:
Got V:ListView
A|ksdkjksad
Got V:ListView
Got V:ListView
Got V:ListView
V|ListVdiew
V|ListView
Got V:ListView
Got V:ListView
Got V:ListView
A-NOTHING FETCHED -FORGETOLD:
Got A:
Got V:ListView
A-NOTHING FETCHED -FORGETOLD:
Got A:
Got V:ListView
A-NOTHING FETCHED -FORGETOLD:
Got A:
Got V:ListView
A-NOTHING FETCHED -FORGETOLD:xyz
Got A:
Got V:ListView
A-NOTHING FETCHED -FORGETOLD:xyz
Got A:
Got V:ListView
A-NOTHING FETCHED -FORGETOLD:xyz
Got A:
Got V:ListView
A-NOTHING FETCHED -FORGETOLD:xyz
Got A:
Got V:ListView
A-NOTHING FETCHED -FORGETOLD:xyz
Got A:
Got V:ListView
A-NOTHING FETCHED -FORGETOLD:xyz
Got A:
Got V:ListView
A-NOTHING FETCHED -FORGETOLD:xyz
Got A:
Got V:ListView
A-NOTHING FETCHED -FORGETOLD:xyz
Got A:
Got V:ListView
A-NOTHING FETCHED -FORGETOLD:xyz
Got A:
Got V:ListView
A-NOTHING FETCHED -FORGETOLD:xyz
Got A:
Got V:ListView
A-NOTHING FETCHED -FORGETOLD:
Got A:
Got V:ListView
A-NOTHING FETCHED -FORGETOLD:
Got A:
Got V:ListView
A|lksadj
Got V:ListView
Got V:ListView
Got V:ListView
A-NOTHING FETCHED -FORGETOLD:lksadj
Got A:
Got V:ListView
A-NOTHING FETCHED -FORGETOLD:
Got A:
Got V:ListView
A-NOTHING FETCHED -FORGETOLD:
Got A:
Got V:ListView
Login
V-NOTHING FETCHED -OLD:main
A|doLogout
Got A:doLogout
Got V:main
Login
V-NOTHING FETCHED -OLD:
DEF V::main
A|doLogout
Got A:doLogout
Got V:main
Login
V|main
A-NOTHING FETCHED -FORGETOLD:
Got A:
Got V:main
Login
A|doLogin
Got A:doLogin
Got V:main
V|ListView
A-NOTHING FETCHED -FORGETOLD:
Got A:
Got V:ListView
A-NOTHING FETCHED -FORGETOLD:
Got A:
Got V:ListView
A-NOTHING FETCHED -FORGETOLD:
Got A:
Got V:ListView
Login
V-NOTHING FETCHED -OLD:main
A|doLogout
Got A:doLogout
Got V:main
Login
V-NOTHING FETCHED -OLD:
DEF V::main
A|doLogout
Got A:doLogout
Got V:main
Login
V|main
A-NOTHING FETCHED -FORGETOLD:
Got A:
Got V:main
Login
A|skd
Got V:main
Login
A-NOTHING FETCHED -FORGETOLD:skd
Got A:
Got V:main
Login
A-NOTHING FETCHED -FORGETOLD:
Got A:
Got V:main
Login
A|doLogin
Got A:doLogin
Got V:main
V|ListView
A-NOTHING FETCHED -FORGETOLD:
Got A:
Got V:ListView
A-NOTHING FETCHED -FORGETOLD:
Got A:
Got V:ListView
A-NOTHING FETCHED -FORGETOLD:
Got A:
Got V:ListView
Got A:
Got V:ListView
Got A:
Got V:ListView
Got A:
Got V:ListView
Got A:
Got V:ListView
Got A:
Got V:ListView
Got A:
Got V:ListView
Got A:
Got V:ListView
Got A:
Got V:ListView
Got A:
Got V:ListView
Got A:
Got V:ListView
Got A:
Got V:ListView
Got A:
Got V:ListView
Got A:
Got V:ListView
Got A:
Got V:ListView
Got A:
Got V:ListView
Got A:
Got V:ListView
Got A:
Got V:ListView
Got A:
Got V:ListView
A|lksadj
Wrong A:lksadj
Got V:ListView
Wrong A:lksadj
Got V:ListView
Wrong A:lksadj
Got V:ListView
V|lksadj
Got A:
Wrong A:
Got A:
Wrong A:
Got A:
Wrong A:
Got A:
Wrong A:
Got A:
Wrong A:
Got A:
Wrong A:
Got A:
Wrong V:lksadj
Got A:
Wrong V:lksadj
Got A:
Wrong V:lksadj
A|doLogin
Wrong A:doLogin
Wrong V:lksadj
Wrong A:doLogin
Wrong V:lksadj
Wrong A:doLogin
Wrong V:lksadj
Login
A|doLogout
Got A:doLogout
Got V:main
Login
DEF V::main
A|doLogout
Got A:doLogout
Got V:main
Login
V|main
Got A:
Got V:main
Login
Got A:
Got V:main
Login
A|doLoginss
Wrong A:doLoginss
Got V:main
Login
A|doLogin
Got A:doLogin
Got V:main
Login
Got A:doLogin
Got V:main
V|ListView
Got A:
Got V:ListView
Got A:
Got V:ListView
Got A:
Got V:ListView
Got A:
Got V:ListView
Got A:
Got V:ListView
Got A:
Got V:ListView
V|klsaj
Got A:
Wrong V:klsaj
Got A:
Wrong V:klsaj
Got A:
Wrong V:klsaj
Got A:
Wrong V:klsaj
Got A:
Wrong V:klsaj
Got A:
Wrong V:klsaj
Got A:
Wrong V:klsaj
Gotasdasd A:
Got A:
Wrong V:klsaj
Gotasdasd A:
Got A:
Wrong V:klsaj
Gotasdasd A:
Got A:
Wrong V:klsaj
WRONG:klsaj
Got A:
Wrong V:klsaj
WRONG:klsaj
Got A:
Wrong V:klsaj
WRONG:klsaj
Got A:
Wrong V:klsaj
Got A:
Wrong V:klsaj
Got A:
Wrong V:klsaj
V-NOTHING FETCHED -KEEpOLD:klsaj
Got A:
Wrong V:klsaj
V-NOTHING FETCHED -KEEpOLD:klsaj
Got A:
Wrong V:klsaj
V-NOTHING FETCHED -KEEpOLD:klsaj
Got A:
Wrong V:klsaj
V-NOTHING FETCHED -KEEpOLD:klsaj
DEF V::ListView
Got A:
Got V:ListView
V-NOTHING FETCHED -KEEpOLD:ListView
DEF V::ListView
Got A:
Got V:ListView
V-NOTHING FETCHED -KEEpOLD:ListView
DEF V::ListView
Got A:
Got V:ListView
V-NOTHING FETCHED -KEEpOLD:ListView
DEF V::ListView
Got A:
Got V:ListView
V-NOTHING FETCHED -KEEpOLD:ListView
DEF V::ListView
Got A:
Got V:ListView
V-NOTHING FETCHED -KEEpOLD:ListView
DEF V::ListView
Got A:
Got V:ListView
Got A:
Got V:ListView
Got A:
Got V:ListView
Got A:
Got V:ListView
V-NOTHING FETCHED -KEEpOLD:ListView
DEF V::ListView
Got A:
Got V:ListView
V-NOTHING FETCHED -KEEpOLD:ListView
DEF V::ListView
Got A:
Got V:ListView
V-NOTHING FETCHED -KEEpOLD:ListView
DEF V::ListView
Got A:
Got V:ListView
V-NOTHING FETCHED -KEEpOLD:ListView
DEF V::ListView
Got A:
Got V:ListView
V-NOTHING FETCHED -KEEpOLD:ListView
DEF V::ListView
Got A:
Got V:ListView
V-NOTHING FETCHED -KEEpOLD:ListView
DEF V::ListView
Got A:
Got V:ListView
V-NOTHING FETCHED -KEEpOLD:ListView
DEF V::ListView
Got A:
Got V:ListView
V-NOTHING FETCHED -KEEpOLD:ListView
DEF V::ListView
Got A:
Got V:ListView
V-NOTHING FETCHED -KEEpOLD:ListView
DEF V::ListView
Got A:
Got V:ListView
V-NOTHING FETCHED -KEEpOLD:ListView
DEF V::ListView
Got A:
Got V:ListView
V-NOTHING FETCHED -KEEpOLD:ListView
DEF V::ListView
Got A:
Got V:ListView
V-NOTHING FETCHED -KEEpOLD:ListView
DEF V::ListView
Got A:
Got V:ListView
DEF V::ListView
Got A:
Got V:ListView
DEF V::ListView
Got A:
Got V:ListView
DEF V::ListView
Got A:
Got V:ListView
Login
DEF V::main
Got A:
Got V:main
Login
DEF V::main
Got A:
Got V:main
Login
DEF V::main
Got A:
Got V:main
DEF V::ListView
Got A:
Got V:ListView
DEF V::ListView
Got A:
Got V:ListView
DEF V::ListView
Got A:
Got V:ListView
Login
DEF V::main
Got A:
Got V:main
Login
DEF V::main
Got A:
Got V:main
Login
DEF V::main
Got A:
Got V:main
Login
Got A:
Got V:main
Login
Got A:
Got V:main
Login
Got A:
Got V:main
Login
Got A:
Got V:main
Login
Got A:
Got V:main
Login
Got A:
Got V:main
Login
Got A:
Got V:main
Login
Got A:
Got V:main
Login
Got A:
Got V:main
Login
Got A:
Got V:main
Login
Got A:
Got V:main
Login
Got A:
Got V:main
Login
Got A:
Got V:main
Login
Got A:
Got V:main
Login
Got A:
Got V:main
Login
Got A:
Got V:main
Login
Got A:
Got V:main
Login
Got A:
Got V:main
Login
Got A:
Got V:main
Login
Got A:
Got V:main
Login
Got A:
Got V:main
Login
Got A:
Got V:main
Login
Got A:
Got V:main
Login
Got A:
Got V:main
Login
Got A:
Got V:main
Login
Got A:
Got V:main
Login
Got A:
Got V:main
Login
Got A:
Got V:main
Login
Got A:
Got V:main
Login
Got A:
Got V:main
Login
Login
Login
Login
Login
Login
Login
Login
Login
Login
Login
Login
Login
Login
Login
Login
Login
Login
Login
Login
Login
Login
Login
Login
Login
DEF V::main
A|doLogout
Login
DEF V::main
Login
DEF V::main
Login
DEF V::main
Login
DEF V::main
Login
DEF V::main
Login
DEF V::main
Login
DEF V::main
Login
DEF V::main
Login
DEF V::main
Login
DEF V::main
Login
DEF V::main
Login
DEF V::main
Login
DEF V::main
Login
DEF V::main
Login
DEF V::main
Login
DEF V::main
Login
DEF V::main
Login
DEF V::main
Login
DEF V::main
Login
DEF V::main
Login
DEF V::main
Login
DEF V::main
Login
DEF V::main
Login
DEF V::main
Login
DEF V::main
Login
DEF V::main
Login
DEF V::main
A|doLogout
Login
DEF V::main
Login
DEF V::main
Login
DEF V::main
Login
DEF V::main
Login
DEF V::main
Login
DEF V::main
Login
DEF V::main
Login
DEF V::main
Login
DEF V::main
Login
DEF V::main
Login
DEF V::main
Login
DEF V::main
Login
DEF V::main
Login
DEF V::main
Login
DEF V::main
Got A:doLogout
Got V:main
Login
DEF V::main
A|doLogout
Got A:doLogout
Got V:main
Login
V|main
Got A:
Got V:main
Login
Checking rights...
Got A:
Got V:main
Login
OpenMod Granted
Got A:
Got V:main
Login
DEF V::main
OpenMod Granted
Got A:
Got V:main
Login
A|doLogin
OpenMod Granted
Got A:doLogin
Got V:main
V|ListView
Got A:
Got V:ListView
Got A:
Got V:ListView
Got A:
Got V:ListView
Login
DEF V::main
Debied!
Login
DEF V::main
Debied!
Login
DEF V::main
Debied!
Login
DEF V::main
A|doLogout
OpenMod Granted
Got A:doLogout
Got V:main
Login
DEF V::main
A|doLogout
OpenMod Granted
Got A:doLogout
Got V:main
Login
V|main
OpenMod Granted
Got A:
Got V:main
Login
A|doLogin
OpenMod Granted
Got A:doLogin
Got V:main
V|ListView
Got A:
Got V:ListView
Got A:
Got V:ListView
Got A:
Got V:ListView
plungerclock
DEF V::dashBoard
Got A:
Got V:dashBoard
plungerclock
DEF V::dashBoard
Got A:
Got V:dashBoard
plungerclock
DEF V::dashBoard
Got A:
Got V:dashBoard
DEF V::ListView
Got A:
Got V:ListView
DEF V::ListView
Got A:
Got V:ListView
DEF V::ListView
Got A:
Got V:ListView
DEF V::ListView
Got A:
Got V:ListView
DEF V::ListView
Got A:
Got V:ListView
DEF V::ListView
Got A:
Got V:ListView
DEF V::ListView
Got A:
Got V:ListView
DEF V::ListView
Got A:
Got V:ListView
DEF V::ListView
Got A:
Got V:ListView
Got A:
Got V:ListView
Got A:
Got V:ListView
Got A:
Got V:ListView
DEF V::ListView
Got A:
Got V:ListView
DEF V::ListView
Got A:
Got V:ListView
DEF V::ListView
Got A:
Got V:ListView
DEF V::ListView
Got A:
Got V:ListView
DEF V::ListView
Got A:
Got V:ListView
DEF V::ListView
Got A:
Got V:ListView
Login
DEF V::main
Debied!
Login
DEF V::main
Debied!
Login
DEF V::main
Debied!
Login
DEF V::main
Debied!
Login
DEF V::main
Debied!
Login
DEF V::main
Debied!
Login
DEF V::main
Debied!
Login
DEF V::main
Debied!
Login
DEF V::main
Debied!
Login
DEF V::main
Debied!
Login
DEF V::main
Debied!
Login
DEF V::main
Debied!
Login
DEF V::main
Debied!
Login
DEF V::main
Debied!
Login
DEF V::main
Debied!
Login
DEF V::main
Debied!
Login
DEF V::main
Debied!
Login
DEF V::main
Debied!
Login
DEF V::main
Debied!
Login
DEF V::main
Debied!
Login
DEF V::main
Debied!
Login
DEF V::main
Debied!
Login
DEF V::main
Debied!
Login
DEF V::main
Debied!
Login
DEF V::main
Debied!
Login
DEF V::main
Debied!
Login
DEF V::main
Debied!
Login
DEF V::main
A|doLogout
OpenMod Granted
Got A:doLogout
Got V:main
Login
DEF V::main
A|doLogout
OpenMod Granted
Got A:doLogout
Got V:main
Login
V|main
OpenMod Granted
Got A:
Got V:main
Login
DEF V::main
OpenMod Granted
Got A:
Got V:main
Login
V|leckarsch
OpenMod Granted
Got A:
Wrong V:leckarsch
Login
OpenMod Granted
Got A:
Wrong V:leckarsch
Login
V|main
OpenMod Granted
Got A:
Got V:main
Login
V|ms
OpenMod Granted
Got A:
Wrong V:ms
Login
DEF V::main
OpenMod Granted
Got A:
Got V:main
Login
DEF V::main
OpenMod Granted
Got A:
Got V:main
Login
A|doLogin
OpenMod Granted
Got A:doLogin
Got V:main
V|ListView
Got A:
Got V:ListView
Got A:
Got V:ListView
Got A:
Got V:ListView
Got A:
Got V:ListView
Got A:
Got V:ListView
Got A:
Got V:ListView
V|ListVasdiew
Got A:
Wrong V:ListVasdiew
Got A:
Wrong V:ListVasdiew
Got A:
Wrong V:ListVasdiew
Got A:
Wrong V:ListVasdiew
Got A:
Wrong V:ListVasdiew
Got A:
Wrong V:ListVasdiew
REGISTER
Got A:
Wrong V:ListVasdiew
REGISTER
Got A:
Wrong V:ListVasdiew
REGISTER
Got A:
Wrong V:ListVasdiew
REGISTERArray
Got A:
Wrong V:ListVasdiew
REGISTERArray
Got A:
Wrong V:ListVasdiew
REGISTERArray
Got A:
Wrong V:ListVasdiew
REGISTER
Got A:
Wrong V:ListVasdiew
REGISTER
Got A:
Wrong V:ListVasdiew
REGISTER
Got A:
Wrong V:ListVasdiew
REGISTERpage
Got A:
Wrong V:ListVasdiew
REGISTERpage
Got A:
Wrong V:ListVasdiew
REGISTERpage
Got A:
Wrong V:ListVasdiew
REGISTERpage
Got A:
Wrong V:ListVasdiew
REGISTERpage
Got A:
Wrong V:ListVasdiew
REGISTERpage
Got A:
Wrong V:ListVasdiew
Login
REGISTER
DEF V::main
A|doLogout
OpenMod Granted
Got A:doLogout
Got V:main
Login
REGISTER
DEF V::main
A|doLogout
OpenMod Granted
Got A:doLogout
Got V:main
Login
REGISTER
V|main
OpenMod Granted
Got A:
Got V:main
Login
REGISTER
A|doLogin
OpenMod Granted
Got A:doLogin
Got V:main
REGISTERpage
V|ListView
Got A:
Got V:ListView
REGISTERpage
Got A:
Got V:ListView
REGISTERpage
Got A:
Got V:ListView
REGISTERpage
Got A:
Got V:ListView
REGISTERpage
Got A:
Got V:ListView
Login
REGISTER
DEF V::main
A|doLogout
OpenMod Granted
Got A:doLogout
Got V:main
Login
REGISTER
DEF V::main
A|doLogout
OpenMod Granted
Got A:doLogout
Got V:main
Login
REGISTER
V|main
OpenMod Granted
Got A:
Got V:main
Login
REGISTER
A|doLogin
OpenMod Granted
Got A:doLogin
Got V:main
REGISTERpage
V|ListView
Got A:
Got V:ListView
REGISTERpage
Got A:
Got V:ListView
REGISTERpage
Got A:
Got V:ListView
Login
REGISTER
DEF V::main
A|doLogout
OpenMod Granted
Got A:doLogout
Got V:main
Login
REGISTER
DEF V::main
A|doLogout
OpenMod Granted
Got A:doLogout
Got V:main
Login
REGISTER
V|main
OpenMod Granted
Got A:
Got V:main
Login
REGISTER
A|doLogin
OpenMod Granted
Got A:doLogin
Got V:main
Login
REGISTER
DEF V::main
OpenMod Granted
Got A:
Got V:main
Login
REGISTER
DEF V::main
OpenMod Granted
Got A:
Got V:main
Login
REGISTER
A|doLogin
OpenMod Granted
Got A:doLogin
Got V:main
Login
REGISTER
OpenMod Granted
Got A:doLogin
Got V:main
Login
REGISTER
DEF V::main
OpenMod Granted
Got A:
Got V:main
Login
REGISTER
DEF V::main
OpenMod Granted
Got A:
Got V:main
Login
REGISTER
A|doLogin
OpenMod Granted
Got A:doLogin
Got V:main
Login
REGISTER
DEF V::main
OpenMod Granted
Got A:
Got V:main
Login
REGISTER
A|doLogin
OpenMod Granted
Got A:doLogin
Got V:main
Login
REGISTER
DEF V::main
OpenMod Granted
Got A:
Got V:main
Login
REGISTER
DEF V::main
OpenMod Granted
Got A:
Got V:main
Login
REGISTER
DEF V::main
OpenMod Granted
Got A:
Got V:main
Login
REGISTER
A|doLogin
OpenMod Granted
Got A:doLogin
Got V:main
Login
REGISTER
DEF V::main
OpenMod Granted
Got A:
Got V:main
Login
REGISTER
DEF V::main
OpenMod Granted
Got A:
Got V:main
Login
REGISTER
DEF V::main
OpenMod Granted
Got A:
Got V:main
Login
REGISTER
A|doLogin
OpenMod Granted
Got A:doLogin
Got V:main
Login
REGISTER
DEF V::main
OpenMod Granted
Got A:
Got V:main
Login
REGISTER
DEF V::main
OpenMod Granted
Got A:
Got V:main
Login
REGISTER
DEF V::main
OpenMod Granted
Got A:
Got V:main
Login
REGISTER
A|doLogin
OpenMod Granted
Got A:doLogin
Got V:main
REGISTERpage
V|ListView
Got A:
Got V:ListView
REGISTERpage
Got A:
Got V:ListView
REGISTERpage
Got A:
Got V:ListView
Login
REGISTER
DEF V::main
A|doLogout
OpenMod Granted
Got A:doLogout
Got V:main
Login
REGISTER
DEF V::main
A|doLogout
OpenMod Granted
Got A:doLogout
Got V:main
Login
REGISTER
V|main
OpenMod Granted
Got A:
Got V:main
Login
REGISTER
A|doLogin
OpenMod Granted
Got A:doLogin
Got V:main
Login
REGISTER
OpenMod Granted
Got A:doLogin
Got V:main
Login
REGISTER
OpenMod Granted
Got A:doLogin
Got V:main
Login
REGISTER
OpenMod Granted
Got A:doLogin
Got V:main
Login
REGISTER
OpenMod Granted
Got A:doLogin
Got V:main
Login
REGISTER
OpenMod Granted
Got A:doLogin
Got V:main
Login
REGISTER
OpenMod Granted
Got A:doLogin
Got V:main
Login
REGISTER
OpenMod Granted
Got A:doLogin
Got V:main
Login
REGISTER
OpenMod Granted
Got A:doLogin
Got V:main
Login
REGISTER
OpenMod Granted
Got A:doLogin
Got V:main
Login
REGISTER
OpenMod Granted
Got A:doLogin
Got V:main
REGISTERpage
V|ListView
Got A:
Got V:ListView
REGISTERpage
Got A:
Got V:ListView
REGISTERpage
Got A:
Got V:ListView
plungerclock
REGISTER
DEF V::dashBoard
Got A:
Got V:dashBoard
plungerclock
REGISTER
DEF V::dashBoard
Got A:
Got V:dashBoard
plungerclock
REGISTER
DEF V::dashBoard
Got A:
Got V:dashBoard
REGISTERpage
DEF V::ListView
Got A:
Got V:ListView
REGISTERpage
DEF V::ListView
Got A:
Got V:ListView
REGISTERpage
DEF V::ListView
Got A:
Got V:ListView
REGISTERpage
Got A:
Got V:ListView
REGISTERpage
Got A:
Got V:ListView
REGISTERpage
Got A:
Got V:ListView
Login
DEF V::main
A|doLogout
OpenMod Granted
Got A:doLogout
Got V:main
Login
DEF V::main
A|doLogout
OpenMod Granted
Got A:doLogout
Got V:main
Login
V|main
OpenMod Granted
Got A:
Got V:main
Login
V|mainkjl
OpenMod Granted
Got A:
Wrong V:mainkjl
Login
V|main
A|doLogin
OpenMod Granted
Got A:doLogin
Got V:main
Login
A|dlLogin
OpenMod Granted
Wrong A:dlLogin
Got V:main
Login
DEF V::main
OpenMod Granted
Got A:
Got V:main
Login
DEF V::main
OpenMod Granted
Got A:
Got V:main
Login
DEF V::main
OpenMod Granted
Got A:
Got V:main
Login
DEF V::main
A|doLogout
OpenMod Granted
Got A:doLogout
Got V:main
Login
DEF V::main
A|doLogout
OpenMod Granted
Got A:doLogout
Got V:main
Login
V|main
OpenMod Granted
Got A:
Got V:main
Login
A|doLogin
OpenMod Granted
Got A:doLogin
Got V:main
V|ListView
Got A:
Got V:ListView
Got A:
Got V:ListView
Got A:
Got V:ListView
A|ksdkjksad
Wrong A:ksdkjksad
Got V:ListView
Wrong A:ksdkjksad
Got V:ListView
Wrong A:ksdkjksad
Got V:ListView
A|page
Got A:page
Got V:ListView
Got A:page
Got V:ListView
Got A:page
Got V:ListView
Got A:page
Got V:ListView
Got A:page
Got V:ListView
Got A:page
Got V:ListView
Got A:page
Got V:ListView
Got A:page
Got V:ListView
Got A:page
Got V:ListView
Got A:page
Got V:ListView
Got A:page
Got V:ListView
Got A:page
Got V:ListView
Got A:page
Got V:ListView
Got A:page
Got V:ListView
Got A:
Got V:ListView
Got A:
Got V:ListView
Got A:
Got V:ListView
Got A:
Got V:ListView
Got A:
Got V:ListView
Got A:
Got V:ListView
Got A:
Got V:ListView
Got A:
Got V:ListView
Got A:
Got V:ListView
Got A:
Got V:ListView
Got A:
Got V:ListView
Got A:
Got V:ListView
Got A:
Got V:ListView
Got A:
Got V:ListView
Got A:
Got V:ListView
Got A:
Got V:ListView
Got A:
Got V:ListView
Got A:
Got V:ListView
Got A:
Got V:ListView
Login
DEF V::main
A|doLogout
OpenMod Granted
Got A:doLogout
Got V:main
Login
DEF V::main
A|doLogout
OpenMod Granted
Got A:doLogout
Got V:main
Login
V|main
OpenMod Granted
Got A:
Got V:main
Login
A|doLogin
OpenMod Granted
Got A:doLogin
Got V:main
V|ListView
Got A:
Got V:ListView
Got A:
Got V:ListView
Got A:
Got V:ListView
Got A:
Got V:ListView
Got A:
Got V:ListView
Got A:
Got V:ListView
Got A:
Got V:ListView
Got A:
Got V:ListView
Got A:
Got V:ListView
Got A:
Got V:ListView
Got A:
Got V:ListView
Got A:
Got V:ListView
Got A:
Got V:ListView
Got A:
Got V:ListView
Got A:
Got V:ListView
Got A:
Got V:ListView
Got A:
Got V:ListView
Got A:
Got V:ListView
Got A:
Got V:ListView
Got A:
Got V:ListView
Got A:
Got V:ListView
Got A:
Got V:ListView
Got A:
Got V:ListView
Got A:
Got V:ListView
Got A:
Got V:ListView
Got A:
Got V:ListView
Got A:
Got V:ListView
Got A:
Got V:ListView
Got A:
Got V:ListView
Got A:
Got V:ListView
Got A:
Got V:ListView
Got A:
Got V:ListView
Got A:
Got V:ListView
Got A:
Got V:ListView
Got A:
Got V:ListView
Got A:
Got V:ListView
Got A:
Got V:ListView
Got A:
Got V:ListView
Got A:
Got V:ListView
Got A:
Got V:ListView
Got A:
Got V:ListView
Login
DEF V::main
A|doLogout
OpenMod Granted
Got A:doLogout
Got V:main
Login
DEF V::main
OpenMod Granted
Got A:doLogout
Got V:main
Login
DEF V::main
OpenMod Granted
Got A:doLogout
Got V:main
Login
DEF V::main
OpenMod Granted
Got A:doLogout
Got V:main
Login
DEF V::main
A|doLogout
OpenMod Granted
Got A:doLogout
Got V:main
Login
V|main
OpenMod Granted
Got A:
Got V:main
Login
OpenMod Granted
Got A:
Got V:main
Login
A|doLogin
OpenMod Granted
Got A:doLogin
Got V:main
Login
OpenMod Granted
Got A:doLogin
Got V:main
Login
OpenMod Granted
Got A:doLogin
Got V:main
Login
OpenMod Granted
Got A:doLogin
Got V:main
Login
OpenMod Granted
Got A:doLogin
Got V:main
Login
OpenMod Granted
Got A:doLogin
Got V:main
Login
OpenMod Granted
Got A:doLogin
Got V:main
Login
OpenMod Granted
Got A:doLogin
Got V:main
Login
OpenMod Granted
Got A:doLogin
Got V:main
Login
OpenMod Granted
Got A:doLogin
Got V:main
V|ListView
Got A:
Got V:ListView
Got A:
Got V:ListView
Got A:
Got V:ListView
Got A:
Got V:ListView
Got A:
Got V:ListView
Got A:
Got V:ListView
Got A:
Got V:ListView
Got A:
Got V:ListView
Got A:
Got V:ListView
Got A:
Got V:ListView
Got A:
Got V:ListView
Got A:
Got V:ListView
Got A:
Got V:ListView
Got A:
Got V:ListView
Got A:
Got V:ListView
Got A:
Got V:ListView
Got A:
Got V:ListView
Got A:
Got V:ListView
Got A:
Got V:ListView
Got A:
Got V:ListView
Got A:
Got V:ListView
Got A:
Got V:ListView
Got A:
Got V:ListView
Got A:
Got V:ListView
Got A:
Got V:ListView
Login
DEF V::main
A|doLogout
OpenMod Granted
Got A:doLogout
Got V:main
Login
DEF V::main
A|doLogout
OpenMod Granted
Got A:doLogout
Got V:main
Login
V|main
OpenMod Granted
Got A:
Got V:main
Login
V|masdn
OpenMod Granted
Got A:
Wrong V:masdn
Login
DEF V::main
OpenMod Granted
Got A:
Got V:main
Login
A|doLogin
OpenMod Granted
Got A:doLogin
Got V:main
V|ListView
Got A:
Got V:ListView
Got A:
Got V:ListView
Got A:
Got V:ListView
V|ListVaslkdjiew
Got A:
Wrong V:ListVaslkdjiew
Got A:
Wrong V:ListVaslkdjiew
Got A:
Wrong V:ListVaslkdjiew
DEF V::ListView
Got A:
Got V:ListView
DEF V::ListView
Got A:
Got V:ListView
DEF V::ListView
Got A:
Got V:ListView
DEF V::ListView
Got A:
Got V:ListView
DEF V::ListView
Got A:
Got V:ListView
DEF V::ListView
Got A:
Got V:ListView
DEF V::ListView
Got A:
Got V:ListView
DEF V::ListView
Got A:
Got V:ListView
DEF V::ListView
Got A:
Got V:ListView
Login
DEF V::main
A|doLogout
OpenMod Granted
Got A:doLogout
Got V:main
Login
DEF V::main
A|doLogout
OpenMod Granted
Got A:doLogout
Got V:main
Login
V|main
OpenMod Granted
Got A:
Got V:main
Login
DEF V::main
OpenMod Granted
Got A:
Got V:main
Login
A|doLogin
OpenMod Granted
Got A:doLogin
Got V:main
V|ListView
Got A:
Got V:ListView
Got A:
Got V:ListView
Got A:
Got V:ListView
Got A:
Got V:ListView
Got A:
Got V:ListView
Got A:
Got V:ListView
Got A:
Got V:ListView
Got A:
Got V:ListView
Got A:
Got V:ListView
Got A:
Got V:ListView
Got A:
Got V:ListView
Got A:
Got V:ListView
Login
DEF V::main
A|doLogout
OpenMod Granted
Got A:doLogout
Got V:main
Login
DEF V::main
A|doLogout
OpenMod Granted
Got A:doLogout
Got V:main
Login
V|main
OpenMod Granted
Got A:
Got V:main
Login
A|doLogin
OpenMod Granted
Got A:doLogin
Got V:main
V|ListView
Got A:
Got V:ListView
Got A:
Got V:ListView
Got A:
Got V:ListView
Got A:
Got V:ListView
Got A:
Got V:ListView
Got A:
Got V:ListView
Got A:
Got V:ListView
Got A:
Got V:ListView
Got A:
Got V:ListView
Login
DEF V::main
A|doLogout
OpenMod Granted
Got A:doLogout
Got V:main
Login
DEF V::main
A|doLogout
OpenMod Granted
Got A:doLogout
Got V:main
Login
V|main
OpenMod Granted
Got A:
Got V:main
Login
A|doLogin
OpenMod Granted
Got A:doLogin
Got V:main
V|ListView
Got A:
Got V:ListView
Got A:
Got V:ListView
Got A:
Got V:ListView
Got A:
Got V:ListView
Got A:
Got V:ListView
Got A:
Got V:ListView
Login
DEF V::main
A|doLogout
OpenMod Granted
Got A:doLogout
Got V:main
Login
DEF V::main
A|doLogout
OpenMod Granted
Got A:doLogout
Got V:main
Login
V|main
OpenMod Granted
Got A:
Got V:main
Login
A|doLogin
OpenMod Granted
Got A:doLogin
Got V:main
V|ListView
Got A:
Got V:ListView
Got A:
Got V:ListView
Got A:
Got V:ListView
Login
DEF V::main
A|doLogout
OpenMod Granted
Got A:doLogout
Got V:main
Login
DEF V::main
A|doLogout
OpenMod Granted
Got A:doLogout
Got V:main
Login
V|main
OpenMod Granted
Got A:
Got V:main
Login
A|doLogin
OpenMod Granted
Got A:doLogin
Got V:main
V|ListView
Got A:
Got V:ListView
Got A:
Got V:ListView
Got A:
Got V:ListView
Got A:
Got V:ListView
Got A:
Got V:ListView
Got A:
Got V:ListView
Got A:
Got V:ListView
Got A:
Got V:ListView
Got A:
Got V:ListView
Got A:
Got V:ListView
Got A:
Got V:ListView
Got A:
Got V:ListView
Login
DEF V::main
A|doLogout
OpenMod Granted
Got A:doLogout
Got V:main
Login
DEF V::main
A|doLogout
OpenMod Granted
Got A:doLogout
Got V:main
Login
V|main
OpenMod Granted
Got A:
Got V:main
Login
A|doLogin
OpenMod Granted
Got A:doLogin
Got V:main
V|ListView
Got A:
Got V:ListView
Got A:
Got V:ListView
Got A:
Got V:ListView
Got A:
Got V:ListView
Got A:
Got V:ListView
Got A:
Got V:ListView
Got A:
Got V:ListView
Got A:
Got V:ListView
Got A:
Got V:ListView
Got A:
Got V:ListView
Got A:
Got V:ListView
Got A:
Got V:ListView
Got A:
Got V:ListView
Got A:
Got V:ListView
Got A:
Got V:ListView
Got A:
Got V:ListView
Got A:
Got V:ListView
Got A:
Got V:ListView
Got A:
Got V:ListView
Got A:
Got V:ListView
Got A:
Got V:ListView
Got A:
Got V:ListView
Got A:
Got V:ListView
Got A:
Got V:ListView
Got A:
Got V:ListView
Got A:
Got V:ListView
Got A:
Got V:ListView
Login
DEF V::main
A|doLogout
OpenMod Granted
Got A:doLogout
Got V:main
Login
DEF V::main
A|doLogout
OpenMod Granted
Got A:doLogout
Got V:main
Login
V|main
OpenMod Granted
Got A:
Got V:main
Login
A|doLogin
OpenMod Granted
Got A:doLogin
Got V:main
V|ListView
Got A:
Got V:ListView
Got A:
Got V:ListView
Got A:
Got V:ListView
Got A:
Got V:ListView
Got A:
Got V:ListView
Got A:
Got V:ListView
Got A:
Got V:ListView
Got A:
Got V:ListView
Got A:
Got V:ListView
Got A:
Got V:ListView
Got A:
Got V:ListView
Got A:
Got V:ListView
Got A:
Got V:ListView
Got A:
Got V:ListView
Got A:
Got V:ListView
V|EditView
Got A:
Got V:EditView
Got A:
Got V:EditView
Got A:
Got V:EditView
DEF V::ListView
Got A:
Got V:ListView
DEF V::ListView
Got A:
Got V:ListView
DEF V::ListView
Got A:
Got V:ListView
V|editView
Got A:
Got V:editView
Got A:
Got V:editView
Got A:
Got V:editView
Got A:
Got V:editView
Got A:
Got V:editView
Got A:
Got V:editView
V|editViewsad
Got A:
Got V:editViewsad
Got A:
Got V:editViewsad
Got A:
Got V:editViewsad
Got A:
Got V:editViewsad
Got A:
Got V:editViewsad
Got A:
Got V:editViewsad
Got A:
Got V:editViewsad
Got A:
Got V:editViewsad
Got A:
Got V:editViewsad
Got A:
Got V:editViewsad
Got A:
Got V:editViewsad
Got A:
Got V:editViewsad
Got A:
Got V:editViewsad
Got A:
Got V:editViewsad
Got A:
Got V:editViewsad
Got A:
Got V:editViewsad
Got A:
Got V:editViewsad
Got A:
Got V:editViewsad
Got A:
Got V:editViewsad
Got A:
Got V:editViewsad
Got A:
Got V:editViewsad
Got A:
Got V:editViewsad
Got A:
Got V:editViewsad
Got A:
Got V:editViewsad
V|editVisad
Got A:
Got V:editVisad
Got A:
Got V:editVisad
Got A:
Got V:editVisad
V|editVisadlkjlkj
Got A:
Got V:editVisadlkjlkj
Got A:
Got V:editVisadlkjlkj
Got A:
Got V:editVisadlkjlkj
Got A:
Got V:editVisadlkjlkj
Got A:
Got V:editVisadlkjlkj
Got A:
Got V:editVisadlkjlkj
Got A:
Got A:
Got A:
Got A:
Got A:
Got A:
Got A:
Got A:
Got A:
Got A:
Got A:
Wrong V:editVisadlkjlkj
Got A:
Wrong V:editVisadlkjlkj
Got A:
Wrong V:editVisadlkjlkj
Got A:
Wrong V:editVisadlkjlkj
Got A:
Wrong V:editVisadlkjlkj
Got A:
Wrong V:editVisadlkjlkj
V|EditView
Got A:
Wrong V:EditView
Got A:
Wrong V:EditView
Got A:
Wrong V:EditView
Login
DEF V::main
A|doLogout
OpenMod Granted
Got A:doLogout
Wrong V:main
Login
DEF V::main
OpenMod Granted
Got A:doLogout
Wrong V:main
Login
DEF V::main
OpenMod Granted
Got A:doLogout
Wrong V:main
Login
DEF V::main
OpenMod Granted
Got A:doLogout
Wrong V:main
Login
DEF V::main
OpenMod Granted
Got A:doLogout
Wrong V:main
Login
DEF V::main
OpenMod Granted
Got A:doLogout
Wrong V:main
Login
DEF V::main
OpenMod Granted
Got A:doLogout
Wrong V:main
Login
DEF V::main
OpenMod Granted
Got A:doLogout
Wrong V:main
Login
DEF V::main
OpenMod Granted
Got A:doLogout
Wrong V:main
DEF V::main
OpenMod Granted
Got A:doLogout
Wrong V:main
DEF V::main
OpenMod Granted
Got A:doLogout
Wrong V:main
DEF V::main
OpenMod Granted
Got A:doLogout
Wrong V:main
DEF V::main
OpenMod Granted
Got A:doLogout
Wrong V:main
DEF V::main
OpenMod Granted
Got A:doLogout
Wrong V:main
DEF V::main
OpenMod Granted
Got A:doLogout
Wrong V:main
DEF V::main
OpenMod Granted
Got A:
Wrong V:main
DEF V::main
OpenMod Granted
Got A:
Wrong V:main
DEF V::main
OpenMod Granted
Got A:
Wrong V:main
DEF V::main
OpenMod Granted
Got A:
Got V:main
A|doLogin
OpenMod Granted
Got A:doLogin
Got V:main
V|ListView
Got A:
Got V:ListView
Got A:
Got V:ListView
Got A:
Got V:ListView
Got A:
Got V:ListView
DEF V::main
A|doLogout
OpenMod Granted
Got A:doLogout
Got V:main
DEF V::main
A|doLogout
OpenMod Granted
Got A:doLogout
Got V:main
V|main
OpenMod Granted
Got A:
Got V:main
OpenMod Granted
Got A:
Got V:main
OpenMod Granted
Got A:
Got V:main
A|doLogin
OpenMod Granted
Got A:doLogin
Got V:main
V|ListView
Got A:
Got V:ListView
Got A:
Got V:ListView
Got A:
Got V:ListView
Got A:
Got V:ListView
Got A:
Got V:ListView
Got A:
Got V:ListView
V|EditView
Got A:
Wrong V:EditView
Got A:
Wrong V:EditView
Got A:
Wrong V:EditView
DEF V::ListView
Got A:
Got V:ListView
DEF V::ListView
Got A:
Got V:ListView
DEF V::ListView
Got A:
Got V:ListView
DEF V::ListView
Got A:
Got V:ListView
DEF V::ListView
Got A:
Got V:ListView
DEF V::ListView
Got A:
Got V:ListView
DEF V::ListView
Got A:
Got V:ListView
DEF V::ListView
Got A:
Got V:ListView
DEF V::ListView
Got A:
Got V:ListView
DEF V::ListView
Got A:
Got V:ListView
DEF V::ListView
Got A:
Got V:ListView
DEF V::ListView
Got A:
Got V:ListView
DEF V::ListView
Got A:
Got V:ListView
DEF V::ListView
Got A:
Got V:ListView
DEF V::ListView
Got A:
Got V:ListView
DEF V::ListView
Got A:
Got V:ListView
DEF V::ListView
Got A:
Got V:ListView
DEF V::ListView
Got A:
Got V:ListView
DEF V::ListView
Got A:
Got V:ListView
DEF V::ListView
Got A:
Got V:ListView
DEF V::ListView
Got A:
Got V:ListView
DEF V::ListView
Got A:
Got V:ListView
DEF V::ListView
Got A:
Got V:ListView
DEF V::ListView
Got A:
Got V:ListView
DEF V::ListView
Got A:
Got V:ListView
DEF V::ListView
Got A:
Got V:ListView
DEF V::ListView
Got A:
Got V:ListView
DEF V::ListView
Got A:
Got V:ListView
DEF V::ListView
Got A:
Got V:ListView
DEF V::ListView
Got A:
Got V:ListView
DEF V::ListView
Got A:
Got V:ListView
DEF V::ListView
Got A:
Got V:ListView
DEF V::ListView
Got A:
Got V:ListView
V|EditView
Got A:
Wrong V:EditView
Got A:
Wrong V:EditView
Got A:
Wrong V:EditView
Got A:
Wrong V:EditView
Got A:
Wrong V:EditView
Got A:
Wrong V:EditView
DEF V::ListView
Got A:
Got V:ListView
DEF V::ListView
Got A:
Got V:ListView
DEF V::ListView
Got A:
Got V:ListView
V|EditView
Got A:
Wrong V:EditView
Got A:
Wrong V:EditView
Got A:
Wrong V:EditView
DEF V::ListView
Got A:
Got V:ListView
DEF V::ListView
Got A:
Got V:ListView
DEF V::ListView
Got A:
Got V:ListView
V|EditView
Got A:
Wrong V:EditView
Got A:
Wrong V:EditView
Got A:
Wrong V:EditView
Got A:
Wrong V:EditView
Got A:
Wrong V:EditView
Got A:
Wrong V:EditView
Got A:
Wrong V:EditView
Got A:
Wrong V:EditView
Got A:
Wrong V:EditView
Got A:
Wrong V:EditView
DEF V::main
A|doLogout
OpenMod Granted
Got A:doLogout
Got V:main
DEF V::main
A|doLogout
OpenMod Granted
Got A:doLogout
Got V:main
V|main
OpenMod Granted
Got A:
Got V:main
DEF V::main
OpenMod Granted
Got A:
Got V:main
A|doLogin
OpenMod Granted
Got A:doLogin
Got V:main
V|ListView
Got A:
Got V:ListView
Got A:
Got V:ListView
Got A:
Got V:ListView
V|EditView
Got A:
Got V:EditView
Got A:
Got V:EditView
Got A:
Got V:EditView
DEF V::ListView
Got A:
Got V:ListView
DEF V::ListView
Got A:
Got V:ListView
DEF V::ListView
Got A:
Got V:ListView
V|EditView
Got A:
Got V:EditView
Got A:
Got V:EditView
Got A:
Got V:EditView
Got A:
Got V:EditView
Got A:
Got V:EditView
Got A:
Got V:EditView
Got A:
Got V:EditView
Got A:
Got V:EditView
Got A:
Got V:EditView
Got A:
Got V:EditView
Got A:
Got V:EditView
Got A:
Got V:EditView
Got A:
Got V:EditView
Got A:
Got V:EditView
Got A:
Got V:EditView
V|ListView
Got A:
Got V:ListView
Got A:
Got V:ListView
Got A:
Got V:ListView
A|doLogout
OpenMod Granted
Got A:doLogout
Got V:main
DEF V::main
A|doLogout
OpenMod Granted
Got A:doLogout
Got V:main
V|main
OpenMod Granted
Got A:
Got V:main
OpenMod Granted
Got A:
Got V:main
OpenMod Granted
Got A:
Got V:main
OpenMod Granted
Got A:
Got V:main
A|doLogin
OpenMod Granted
Got A:doLogin
Got V:main
V|ListView
Got A:
Got V:ListView
Got A:
Got V:ListView
Got A:
Got V:ListView
Got A:
Got V:ListView
Got A:
Got V:ListView
Got A:
Got V:ListView
Got A:
Got V:ListView
Got A:
Got V:ListView
Got A:
Got V:ListView
Got A:
Got V:ListView
Got A:
Got V:ListView
Got A:
Got V:ListView
Got A:
Got V:ListView
Got A:
Got V:ListView
Got A:
Got V:ListView
Got A:
Got V:ListView
Got A:
Got V:ListView
Got A:
Got V:ListView
Got A:
Got V:ListView
Got A:
Got V:ListView
Got A:
Got V:ListView
Got A:
Got V:ListView
Got A:
Got V:ListView
Got A:
Got V:ListView
Got A:
Got V:ListView
Got A:
Got V:ListView
Got A:
Got V:ListView
Got A:
Got V:ListView
Got A:
Got V:ListView
Got A:
Got V:ListView
Got A:
Got V:ListView
Got A:
Got V:ListView
Got A:
Got V:ListView
Got A:
Got V:ListView
Got A:
Got V:ListView
Got A:
Got V:ListView
Got A:
Got V:ListView
Got A:
Got V:ListView
Got A:
Got V:ListView
Got A:
Got V:ListView
Got A:
Got V:ListView
Got A:
Got V:ListView
Got A:
Got V:ListView
Got A:
Got V:ListView
Got A:
Got V:ListView
Got A:
Got V:ListView
Got A:
Got V:ListView
Got A:
Got V:ListView
Got A:
Got V:ListView
Got A:
Got V:ListView
Got A:
Got V:ListView
Got A:
Got V:ListView
Got A:
Got V:ListView
Got A:
Got V:ListView
Got A:
Got V:ListView
Got A:
Got V:ListView
Got A:
Got V:ListView
Got A:
Got V:ListView
Got A:
Got V:ListView
Got A:
Got V:ListView
Got A:
Got V:ListView
Got A:
Got V:ListView
Got A:
Got V:ListView
Got A:
Got V:ListView
Got A:
Got V:ListView
Got A:
Got V:ListView
Got A:
Got V:ListView
Got A:
Got V:ListView
Got A:
Got V:ListView
Got A:
Got V:ListView
Got A:
Got V:ListView
Got A:
Got V:ListView
Got A:
Got V:ListView
Got A:
Got V:ListView
Got A:
Got V:ListView
Got A:
Got V:ListView
Got A:
Got V:ListView
Got A:
Got V:ListView
Got A:
Got V:ListView
Got A:
Got V:ListView
Got A:
Got V:ListView
Got A:
Got V:ListView
Got A:
Got V:ListView
Got A:
Got V:ListView
Got A:
Got V:ListView
Got A:
Got V:ListView
Got A:
Got V:ListView
Got A:
Got V:ListView
Got A:
Got V:ListView
Got A:
Got V:ListView
Got A:
Got V:ListView
Got A:
Got V:ListView
Got A:
Got V:ListView
Got A:
Got V:ListView
Got A:
Got V:ListView
Got A:
Got V:ListView
Got A:
Got V:ListView
Got A:
Got V:ListView
Got A:
Got V:ListView
plungerclock
DEF V::dashBoard
Got A:
Got V:dashBoard
plungerclock
Got A:
Got V:dashBoard
plungerclock
Got A:
Got V:dashBoard
